2016-12-11 21:59:37 Account: 1783 Added record: 42153 Fields: Content="Informational Pamphlet", Title="Eggs: Where to put them all?", Industry="Basket weaving", FirstName="Fred", LastName="Flintstone"
2016-12-11 22:03:07 Account: 1783 Updated Record: 22533 Fields: Content="Bulletin", Title="Nonsense News", Industry="Technology", FirstName="Fred", LastName="Flintstone"
2016-12-11 22:04:31 Account: 2557 Deleted record: 75854
2016-12-11 22:07:19 Account: 1783 Added record: 25744 Fields: Content="Newsletter", Title="Froglegs Weekly", Industry="Food service", FirstName="Fred", LastName="Flintstone"
2016-12-11 22:15:01 Account: 2557 Updated Record: 28437 Fields: Content="Bulletin", Title="Nonsense News", Industry="Technology", FirstName="Fred", LastName="Flintstone"
2016-12-11 22:19:55 Account: 1783 Updated Record: 27665 Fields: Content="Bulletin", Title="Nonsense News", Industry="Technology", FirstName="Fred", LastName="Flintstone"
2016-12-11 22:23:25 Account: 3618 Deleted record: 78721
2016-12-11 22:27:37 Account: 1783 Added record: 44114 Fields: Content="Newsletter", Title="Froglegs Weekly", Industry="Food service", FirstName="Fred", LastName="Flintstone"
2016-12-11 22:33:13 Account: 3618 Updated Record: 77807 Fields: Content="Newsletter", Title="Froglegs Weekly", Industry="Food service", FirstName="Fred", LastName="Flintstone"
2016-12-11 22:43:01 Account: 1783 Deleted record: 59552 2016-12-11 22:47:55 Account: 2557 Deleted record: 86404
2016-12-11 22:55:37 Account: 1783 Updated Record: 18397 Fields: Content="Newsletter", Title="Froglegs Weekly", Industry="Food service", FirstName="Fred", LastName="Flintstone"
2016-12-11 22:59:07 Account: 1783 Updated Record: 31495 Fields: Content="Informational Pamphlet", Title="Eggs: Where to put them all?", Industry="Basket weaving", FirstName="Fred", LastName="Flintstone"
2016-12-11 23:07:31 Account: 2557 Updated Record: 61163 Fields: Content="Newsletter", Title="Froglegs Weekly", Industry="Food service", FirstName="Fred", LastName="Flintstone"
2016-12-11 23:14:31 Account: 1783 Deleted record: 58138
2016-12-11 23:16:37 Account: 1783 Added record: 65332 Fields: Content="Bulletin", Title="Nonsense News", Industry="Technology", FirstName="Fred", LastName="Flintstone"
2016-12-11 22:35:19 Account: 3618 Updated Record: 23174 Fields: Content="Payment", Type="Mortgage", Industry="Finance", FirstName="Fred", LastName="Flintstone", SSN="620-07-3092"
2016-12-11 23:25:01 Account: 1783 Added record: 58562 Fields: Content="Informational Pamphlet", Title="Eggs: Where to put them all?", Industry="Basket weaving", FirstName="Fred", LastName="Flintstone"
2016-12-11 23:30:37 Account: 3618 Deleted record: 50866
2016-12-11 23:40:25 Account: 2557 Updated Record: 36261 Fields: Content="Informational Pamphlet", Title="Eggs: Where to put them all?", Industry="Basket weaving", FirstName="Fred", LastName="Flintstone"
2016-12-11 23:45:19 Account: 1783 Updated Record: 61328 Fields: Content="Informational Pamphlet", Title="Eggs: Where to put them all?", Industry="Basket weaving", FirstName="Fred", LastName="Flintstone"
2016-12-11 23:53:01 Account: 2557 Updated Record: 24753 Fields: Content="Newsletter", Title="Froglegs Weekly", Industry="Food service", FirstName="Fred", LastName="Flintstone"
2016-12-12 00:02:07 Account: 1783 Added record: 46679 Fields: Content="Newsletter", Title="Froglegs Weekly", Industry="Food service", FirstName="Fred", LastName="Flintstone"
2016-12-12 00:04:13 Account: 3618 Deleted record: 52633
2016-12-12 00:15:25 Account: 2557 Added record: 49334 Fields: Content="Newsletter", Title="Froglegs Weekly", Industry="Food service", FirstName="Fred", LastName="Flintstone"
2016-12-12 00:16:49 Account: 1783 Updated Record: 44668 Fields: Content="Bulletin", Title="Nonsense News", Industry="Technology", FirstName="Fred", LastName="Flintstone"
2016-12-12 00:25:13 Account: 2557 Updated Record: 18279 Fields: Content="Bulletin", Title="Nonsense News", Industry="Technology", FirstName="Fred", LastName="Flintstone"
2016-12-12 00:31:31 Account: 1783 Updated Record: 19162 Fields: Content="Bulletin", Title="Nonsense News", Industry="Technology", FirstName="Fred", LastName="Flintstone"
2016-12-12 00:40:37 Account: 2557 Added record: 10327 Fields: Content="Informational Pamphlet", Title="Eggs: Where to put them all?", Industry="Basket weaving", FirstName="Fred", LastName="Flintstone"
2016-12-12 00:48:19 Account: 3618 Updated Record: 57685 Fields: Content="Bulletin", Title="Nonsense News", Industry="Technology", FirstName="Fred", LastName="Flintstone"
2016-12-12 00:54:37 Account: 2557 Deleted record: 27657 2016-12-12 01:03:01 Account: 2557 Deleted record: 41043
2016-12-12 01:22:37 Account: 3618 Updated Record: 85593 Fields: Content="Bulletin", Title="Nonsense News", Industry="Technology", FirstName="Fred", LastName="Flintstone"
2016-12-12 01:30:19 Account: 2557 Deleted record: 94006
2016-12-12 01:37:19 Account: 2557 Updated Record: 72520 Fields: Content="Informational Pamphlet", Title="Eggs: Where to put them all?", Industry="Basket weaving", FirstName="Fred", LastName="Flintstone"
2016-12-12 01:45:43 Account: 1783 Updated Record: 93391 Fields: Content="Informational Pamphlet", Title="Eggs: Where to put them all?", Industry="Basket weaving", FirstName="Fred", LastName="Flintstone"
2016-12-12 01:52:43 Account: 3618 Deleted record: 93026
2016-12-12 00:05:37 Account: 3618 Updated Record: 52571 Fields: Content="Payment", Type="Mortgage", Industry="Finance", FirstName="Fred", LastName="Flintstone", CC="5424-9259-6687-3767"
2016-12-12 01:09:19 Account: 3618 Added record: 86329 Fields: Content="Payment", Type="Mortgage", Industry="Finance", FirstName="Fred", LastName="Flintstone", SSN="620-07-3092"
2016-12-12 01:16:19 Account: 3618 Updated Record: 85714 Fields: Content="Quote", Type="Auto", Industry="Insurance", FirstName="Fred", LastName="Flintstone", SSN="620-07-3092"
2016-12-12 02:02:31 Account: 1783 Updated Record: 59991 Fields: Content="Informational Pamphlet", Title="Eggs: Where to put them all?", Industry="Basket weaving", FirstName="Fred", LastName="Flintstone"
2016-12-12 02:08:49 Account: 3618 Added record: 88044 Fields: Content="Bulletin", Title="Nonsense News", Industry="Technology", FirstName="Fred", LastName="Flintstone"
2016-12-12 02:12:19 Account: 2557 Updated Record: 95618 Fields: Content="Newsletter", Title="Froglegs Weekly", Industry="Food service", FirstName="Fred", LastName="Flintstone"
2016-12-12 02:20:43 Account: 3618 Added record: 20679 Fields: Content="Newsletter", Title="Froglegs Weekly", Industry="Food service", FirstName="Fred", LastName="Flintstone"
2016-12-12 02:22:07 Account: 1783 Added record: 97897 Fields: Content="Newsletter", Title="Froglegs Weekly", Industry="Food service", FirstName="Fred", LastName="Flintstone"
2016-12-12 02:26:19 Account: 3618 Deleted record: 32693
2016-12-12 02:30:31 Account: 2557 Added record: 80660 Fields: Content="Newsletter", Title="Froglegs Weekly", Industry="Food service", FirstName="Fred", LastName="Flintstone"
2016-12-12 02:31:55 Account: 2557 Updated Record: 93553 Fields: Content="Newsletter", Title="Froglegs Weekly", Industry="Food service", FirstName="Fred", LastName="Flintstone"
2016-12-12 02:40:19 Account: 2557 Updated Record: 89193 Fields: Content="Informational Pamphlet", Title="Eggs: Where to put them all?", Industry="Basket weaving", FirstName="Fred", LastName="Flintstone"
2016-12-12 02:52:55 Account: 2557 Deleted record: 45459
2016-12-12 03:04:49 Account: 1783 Updated Record: 92221 Fields: Content="Newsletter", Title="Froglegs Weekly", Industry="Food service", FirstName="Fred", LastName="Flintstone"
2016-12-12 03:12:31 Account: 1783 Updated Record: 39532 Fields: Content="Newsletter", Title="Froglegs Weekly", Industry="Food service", FirstName="Fred", LastName="Flintstone"
2016-12-12 03:20:13 Account: 1783 Added record: 94500 Fields: Content="Newsletter", Title="Froglegs Weekly", Industry="Food service", FirstName="Fred", LastName="Flintstone"
2016-12-12 03:22:19 Account: 2557 Deleted record: 56337
2016-12-12 03:25:07 Account: 2557 Added record: 12093 Fields: Content="Bulletin", Title="Nonsense News", Industry="Technology", FirstName="Fred", LastName="Flintstone"
2016-12-12 03:41:13 Account: 3618 Updated Record: 68682 Fields: Content="Newsletter", Title="Froglegs Weekly", Industry="Food service", FirstName="Fred", LastName="Flintstone"
2016-12-12 03:48:55 Account: 2557 Updated Record: 46220 Fields: Content="Newsletter", Title="Froglegs Weekly", Industry="Food service", FirstName="Fred", LastName="Flintstone"
2016-12-12 02:24:13 Account: 3618 Added record: 46099 Fields: Content="Payment", Type="Mortgage", Industry="Finance", FirstName="Fred", LastName="Flintstone", CC="5424-9259-6687-3767"
2016-12-12 02:36:49 Account: 3618 Added record: 87119 Fields: Content="Payment", Type="Mortgage", Industry="Finance", FirstName="Fred", LastName="Flintstone", CC="5424-9259-6687-3767"
2016-12-12 02:49:25 Account: 3618 Updated Record: 57025 Fields: Content="Payment", Type="Mortgage", Industry="Finance", FirstName="Fred", LastName="Flintstone", CC="5424-9259-6687-3767"
2016-12-12 02:59:13 Account: 3618 Added record: 43307 Fields: Content="Quote", Type="Auto", Industry="Insurance", FirstName="Fred", LastName="Flintstone", SSN="620-07-3092"
2016-12-12 03:32:07 Account: 3618 Updated Record: 25253 Fields: Content="Payment", Type="Mortgage", Industry="Finance", FirstName="Fred", LastName="Flintstone", CC="5424-9259-6687-3767"
2016-12-12 03:50:19 Account: 1783 Updated Record: 98727 Fields: Content="Bulletin", Title="Nonsense News", Industry="Technology", FirstName="Fred", LastName="Flintstone"
2016-12-12 03:57:19 Account: 2557 Added record: 70484 Fields: Content="Bulletin", Title="Nonsense News", Industry="Technology", FirstName="Fred", LastName="Flintstone"
2016-12-12 04:05:01 Account: 1783 Added record: 57967 Fields: Content="Bulletin", Title="Nonsense News", Industry="Technology", FirstName="Fred", LastName="Flintstone"
2016-12-12 04:14:07 Account: 1783 Updated Record: 11107 Fields: Content="Newsletter", Title="Froglegs Weekly", Industry="Food service", FirstName="Fred", LastName="Flintstone"
2016-12-12 04:19:01 Account: 2557 Added record: 32061 Fields: Content="Informational Pamphlet", Title="Eggs: Where to put them all?", Industry="Basket weaving", FirstName="Fred", LastName="Flintstone"
2016-12-12 04:22:31 Account: 3618 Deleted record: 20904 2016-12-12 04:23:55 Account: 1783 Deleted record: 48850
2016-12-12 04:26:43 Account: 2557 Added record: 87673 Fields: Content="Newsletter", Title="Froglegs Weekly", Industry="Food service", FirstName="Fred", LastName="Flintstone"
2016-12-12 04:33:43 Account: 2557 Updated Record: 75071 Fields: Content="Informational Pamphlet", Title="Eggs: Where to put them all?", Industry="Basket weaving", FirstName="Fred", LastName="Flintstone"
2016-12-12 04:39:19 Account: 1783 Added record: 70507 Fields: Content="Informational Pamphlet", Title="Eggs: Where to put them all?", Industry="Basket weaving", FirstName="Fred", LastName="Flintstone"
2016-12-12 04:44:13 Account: 1783 Updated Record: 84235 Fields: Content="Newsletter", Title="Froglegs Weekly", Industry="Food service", FirstName="Fred", LastName="Flintstone"
2016-12-12 04:50:31 Account: 2557 Deleted record: 89389
2016-12-12 04:56:07 Account: 1783 Added record: 51270 Fields: Content="Newsletter", Title="Froglegs Weekly", Industry="Food service", FirstName="Fred", LastName="Flintstone"
2016-12-12 05:03:49 Account: 3618 Added record: 76361 Fields: Content="Newsletter", Title="Froglegs Weekly", Industry="Food service", FirstName="Fred", LastName="Flintstone"
2016-12-12 05:05:13 Account: 1783 Updated Record: 69572 Fields: Content="Informational Pamphlet", Title="Eggs: Where to put them all?", Industry="Basket weaving", FirstName="Fred", LastName="Flintstone"
2016-12-12 05:08:43 Account: 1783 Added record: 16655 Fields: Content="Newsletter", Title="Froglegs Weekly", Industry="Food service", FirstName="Fred", LastName="Flintstone"
2016-12-12 05:17:07 Account: 1783 Added record: 42455 Fields: Content="Bulletin", Title="Nonsense News", Industry="Technology", FirstName="Fred", LastName="Flintstone"
2016-12-12 05:19:13 Account: 3618 Added record: 25156 Fields: Content="Bulletin", Title="Nonsense News", Industry="Technology", FirstName="Fred", LastName="Flintstone"
2016-12-12 05:26:55 Account: 1783 Deleted record: 43601
2016-12-12 05:28:19 Account: 2557 Updated Record: 23837 Fields: Content="Informational Pamphlet", Title="Eggs: Where to put them all?", Industry="Basket weaving", FirstName="Fred", LastName="Flintstone"
2016-12-12 05:30:25 Account: 2557 Added record: 57084 Fields: Content="Informational Pamphlet", Title="Eggs: Where to put them all?", Industry="Basket weaving", FirstName="Fred", LastName="Flintstone"
2016-12-12 05:35:19 Account: 1783 Added record: 76635 Fields: Content="Newsletter", Title="Froglegs Weekly", Industry="Food service", FirstName="Fred", LastName="Flintstone"
2016-12-12 05:37:25 Account: 1783 Updated Record: 82570 Fields: Content="Bulletin", Title="Nonsense News", Industry="Technology", FirstName="Fred", LastName="Flintstone"
2016-12-12 05:39:31 Account: 3618 Deleted record: 55736
2016-12-12 05:57:43 Account: 3618 Updated Record: 12378 Fields: Content="Bulletin", Title="Nonsense News", Industry="Technology", FirstName="Fred", LastName="Flintstone"
2016-12-12 06:05:25 Account: 1783 Updated Record: 85841 Fields: Content="Informational Pamphlet", Title="Eggs: Where to put them all?", Industry="Basket weaving", FirstName="Fred", LastName="Flintstone"
2016-12-12 06:13:07 Account: 2557 Updated Record: 43877 Fields: Content="Newsletter", Title="Froglegs Weekly", Industry="Food service", FirstName="Fred", LastName="Flintstone"
2016-12-12 06:20:07 Account: 1783 Added record: 42814 Fields: Content="Newsletter", Title="Froglegs Weekly", Industry="Food service", FirstName="Fred", LastName="Flintstone"
2016-12-12 06:25:43 Account: 1783 Updated Record: 23237 Fields: Content="Bulletin", Title="Nonsense News", Industry="Technology", FirstName="Fred", LastName="Flintstone"
2016-12-12 06:32:01 Account: 3618 Updated Record: 56289 Fields: Content="Bulletin", Title="Nonsense News", Industry="Technology", FirstName="Fred", LastName="Flintstone"
2016-12-12 06:41:07 Account: 1783 Added record: 75396 Fields: Content="Newsletter", Title="Froglegs Weekly", Industry="Food service", FirstName="Fred", LastName="Flintstone"
2016-12-12 06:50:55 Account: 2557 Updated Record: 40853 Fields: Content="Informational Pamphlet", Title="Eggs: Where to put them all?", Industry="Basket weaving", FirstName="Fred", LastName="Flintstone"
2016-12-12 06:57:55 Account: 2557 Added record: 38018 Fields: Content="Informational Pamphlet", Title="Eggs: Where to put them all?", Industry="Basket weaving", FirstName="Fred", LastName="Flintstone"
